
> deckvault@0.1.0 dev
> next dev

   ▲ Next.js 15.5.20
   - Local:        http://localhost:3000
   - Network:      http://26.255.178.152:3000

 ✓ Starting...
 ✓ Ready in 1535ms
 ○ Compiling /middleware ...
 ✓ Compiled /middleware in 572ms (170 modules)
 ○ Compiling / ...
<w> [webpack.cache.PackFileCacheStrategy] Serializing big strings (106kiB) impacts deserialization performance (consider using Buffer instead and decode when needed)
<w> [webpack.cache.PackFileCacheStrategy] Serializing big strings (250kiB) impacts deserialization performance (consider using Buffer instead and decode when needed)
 ✓ Compiled / in 3.3s (730 modules)
 GET / 307 in 3629ms
 ✓ Compiled in 413ms (312 modules)
 ○ Compiling /collection ...
 ✓ Compiled /collection in 3.8s (1820 modules)
 GET /collection 200 in 4204ms
 ✓ Compiled /api/cards/search in 296ms (1841 modules)
 GET /api/cards/search?q=yugioh&game=yugioh 200 in 888ms
 GET /api/cards/search?q=stratos&game=yugioh 200 in 476ms
 ✓ Compiled /collections in 435ms (1862 modules)
 GET /collections 200 in 539ms
 GET /collection 200 in 33ms
 GET /collections 200 in 20ms
 GET /collection 200 in 28ms
 GET /collections 200 in 20ms
 GET /collection 200 in 24ms
 GET /collections 200 in 18ms
 GET /collection 200 in 29ms
 ○ Compiling /dashboard ...
 ✓ Compiled /dashboard in 548ms (1842 modules)
 GET /dashboard 200 in 685ms
 GET /dashboard 200 in 21ms
 GET /collection 200 in 39ms
 GET /collections 200 in 36ms
 GET /collection 200 in 17ms
 GET /collections 200 in 17ms
 GET /collection 200 in 15ms
 GET /collections 200 in 16ms
 GET /collection 200 in 14ms
 GET /collections 200 in 17ms
 GET /collection 200 in 66ms
 GET /collections 200 in 18ms
 GET /collection 200 in 42ms
 GET /collection 200 in 404ms
 GET /collections 200 in 27ms
 GET /dashboard 200 in 14ms
 GET /collections 200 in 17ms
 GET /collection 200 in 39ms
 GET /collection 200 in 21ms
 GET /collections 200 in 18ms
 GET /collection 200 in 34ms
 GET /collections 200 in 22ms
 GET /collection 200 in 29ms
 GET /collections 200 in 19ms
 GET /collection 200 in 29ms
 GET /collections 200 in 23ms
 GET /collection 200 in 36ms
 GET /collection 200 in 17ms
 GET /collections 200 in 22ms
 ○ Compiling /settings ...
 ✓ Compiled /settings in 750ms (1861 modules)
 GET /settings 200 in 870ms
 GET /settings 200 in 18ms
 GET /collections 200 in 24ms
 GET /collection 200 in 42ms
 GET /collections 200 in 21ms
 GET /dashboard 200 in 26ms
 GET /collection 200 in 21ms
 GET /collections 200 in 16ms
 GET /collection 200 in 31ms
 ✓ Compiled /api/cards/search in 242ms (1014 modules)
 GET /api/cards/search?q=stratos&game=yugioh 200 in 520ms
 ⚠ Found a change in next.config.ts. Restarting the server to apply the changes...
   ▲ Next.js 15.5.20
   - Local:        http://localhost:3000
   - Network:      http://26.255.178.152:3000

 ✓ Starting...
 ✓ Ready in 4.4s
